[1.221s] Invoking command in '/home/ashvin/vision_person_follower_ws/src/vision_person_detector': PYTHONPATH=/home/ashvin/vision_person_follower_ws/build/vision_person_detector/prefix_override:/usr/lib/python3/dist-packages/colcon_core/task/python/colcon_distutils_commands:/home/ashvin/vision_person_follower_ws/install/vision_person_detector/lib/python3.10/site-packages:${PYTHONPATH} /usr/bin/python3 -W ignore:setup.py install is deprecated -W ignore:easy_install command is deprecated setup.py egg_info --egg-base ../../build/vision_person_detector build --build-base /home/ashvin/vision_person_follower_ws/build/vision_person_detector/build install --record /home/ashvin/vision_person_follower_ws/build/vision_person_detector/install.log --single-version-externally-managed install_data
[1.596s] running egg_info
[1.597s] writing ../../build/vision_person_detector/vision_person_detector.egg-info/PKG-INFO
[1.602s] writing dependency_links to ../../build/vision_person_detector/vision_person_detector.egg-info/dependency_links.txt
[1.603s] writing entry points to ../../build/vision_person_detector/vision_person_detector.egg-info/entry_points.txt
[1.603s] writing requirements to ../../build/vision_person_detector/vision_person_detector.egg-info/requires.txt
[1.603s] writing top-level names to ../../build/vision_person_detector/vision_person_detector.egg-info/top_level.txt
[1.608s] reading manifest file '../../build/vision_person_detector/vision_person_detector.egg-info/SOURCES.txt'
[1.613s] writing manifest file '../../build/vision_person_detector/vision_person_detector.egg-info/SOURCES.txt'
[1.613s] running build
[1.613s] running build_py
[1.613s] copying vision_person_detector/follower_node.py -> /home/ashvin/vision_person_follower_ws/build/vision_person_detector/build/lib/vision_person_detector
[1.614s] copying vision_person_detector/person_detector.py -> /home/ashvin/vision_person_follower_ws/build/vision_person_detector/build/lib/vision_person_detector
[1.614s] running install
[1.614s] running install_lib
[1.616s] copying /home/ashvin/vision_person_follower_ws/build/vision_person_detector/build/lib/vision_person_detector/follower_node.py -> /home/ashvin/vision_person_follower_ws/install/vision_person_detector/lib/python3.10/site-packages/vision_person_detector
[1.616s] copying /home/ashvin/vision_person_follower_ws/build/vision_person_detector/build/lib/vision_person_detector/person_detector.py -> /home/ashvin/vision_person_follower_ws/install/vision_person_detector/lib/python3.10/site-packages/vision_person_detector
[1.617s] byte-compiling /home/ashvin/vision_person_follower_ws/install/vision_person_detector/lib/python3.10/site-packages/vision_person_detector/follower_node.py to follower_node.cpython-310.pyc
[1.621s] byte-compiling /home/ashvin/vision_person_follower_ws/install/vision_person_detector/lib/python3.10/site-packages/vision_person_detector/person_detector.py to person_detector.cpython-310.pyc
[1.622s] running install_data
[1.622s] running install_egg_info
[1.625s] removing '/home/ashvin/vision_person_follower_ws/install/vision_person_detector/lib/python3.10/site-packages/vision_person_detector-0.0.0-py3.10.egg-info' (and everything under it)
[1.626s] Copying ../../build/vision_person_detector/vision_person_detector.egg-info to /home/ashvin/vision_person_follower_ws/install/vision_person_detector/lib/python3.10/site-packages/vision_person_detector-0.0.0-py3.10.egg-info
[1.633s] running install_scripts
[1.672s] Installing person_detector script to /home/ashvin/vision_person_follower_ws/install/vision_person_detector/lib/vision_person_detector
[1.673s] Installing simple_follower script to /home/ashvin/vision_person_follower_ws/install/vision_person_detector/lib/vision_person_detector
[1.673s] writing list of installed files to '/home/ashvin/vision_person_follower_ws/build/vision_person_detector/install.log'
[1.723s] Invoked command in '/home/ashvin/vision_person_follower_ws/src/vision_person_detector' returned '0': PYTHONPATH=/home/ashvin/vision_person_follower_ws/build/vision_person_detector/prefix_override:/usr/lib/python3/dist-packages/colcon_core/task/python/colcon_distutils_commands:/home/ashvin/vision_person_follower_ws/install/vision_person_detector/lib/python3.10/site-packages:${PYTHONPATH} /usr/bin/python3 -W ignore:setup.py install is deprecated -W ignore:easy_install command is deprecated setup.py egg_info --egg-base ../../build/vision_person_detector build --build-base /home/ashvin/vision_person_follower_ws/build/vision_person_detector/build install --record /home/ashvin/vision_person_follower_ws/build/vision_person_detector/install.log --single-version-externally-managed install_data
