[0.428s] Invoking command in '/home/ashvin/vision_person_follower_ws/src/vision_person_detector': PYTHONPATH=/home/ashvin/vision_person_follower_ws/build/vision_person_detector/prefix_override:/usr/lib/python3/dist-packages/colcon_core/task/python/colcon_distutils_commands:/home/ashvin/vision_person_follower_ws/install/vision_person_detector/lib/python3.10/site-packages:${PYTHONPATH} /usr/bin/python3 -W ignore:setup.py install is deprecated -W ignore:easy_install command is deprecated setup.py egg_info --egg-base ../../build/vision_person_detector build --build-base /home/ashvin/vision_person_follower_ws/build/vision_person_detector/build install --record /home/ashvin/vision_person_follower_ws/build/vision_person_detector/install.log --single-version-externally-managed install_data
[0.593s] running egg_info
[0.593s] creating ../../build/vision_person_detector/vision_person_detector.egg-info
[0.593s] writing ../../build/vision_person_detector/vision_person_detector.egg-info/PKG-INFO
[0.593s] writing dependency_links to ../../build/vision_person_detector/vision_person_detector.egg-info/dependency_links.txt
[0.593s] writing entry points to ../../build/vision_person_detector/vision_person_detector.egg-info/entry_points.txt
[0.593s] writing requirements to ../../build/vision_person_detector/vision_person_detector.egg-info/requires.txt
[0.593s] writing top-level names to ../../build/vision_person_detector/vision_person_detector.egg-info/top_level.txt
[0.593s] writing manifest file '../../build/vision_person_detector/vision_person_detector.egg-info/SOURCES.txt'
[0.594s] reading manifest file '../../build/vision_person_detector/vision_person_detector.egg-info/SOURCES.txt'
[0.595s] writing manifest file '../../build/vision_person_detector/vision_person_detector.egg-info/SOURCES.txt'
[0.595s] running build
[0.595s] running build_py
[0.595s] creating /home/ashvin/vision_person_follower_ws/build/vision_person_detector/build
[0.595s] creating /home/ashvin/vision_person_follower_ws/build/vision_person_detector/build/lib
[0.595s] creating /home/ashvin/vision_person_follower_ws/build/vision_person_detector/build/lib/vision_person_detector
[0.595s] copying vision_person_detector/simple_follower.py -> /home/ashvin/vision_person_follower_ws/build/vision_person_detector/build/lib/vision_person_detector
[0.595s] copying vision_person_detector/__init__.py -> /home/ashvin/vision_person_follower_ws/build/vision_person_detector/build/lib/vision_person_detector
[0.595s] copying vision_person_detector/follower_node.py -> /home/ashvin/vision_person_follower_ws/build/vision_person_detector/build/lib/vision_person_detector
[0.595s] copying vision_person_detector/person_detector.py -> /home/ashvin/vision_person_follower_ws/build/vision_person_detector/build/lib/vision_person_detector
[0.595s] running install
[0.595s] running install_lib
[0.596s] creating /home/ashvin/vision_person_follower_ws/install/vision_person_detector/lib/python3.10/site-packages/vision_person_detector
[0.596s] copying /home/ashvin/vision_person_follower_ws/build/vision_person_detector/build/lib/vision_person_detector/simple_follower.py -> /home/ashvin/vision_person_follower_ws/install/vision_person_detector/lib/python3.10/site-packages/vision_person_detector
[0.596s] copying /home/ashvin/vision_person_follower_ws/build/vision_person_detector/build/lib/vision_person_detector/__init__.py -> /home/ashvin/vision_person_follower_ws/install/vision_person_detector/lib/python3.10/site-packages/vision_person_detector
[0.596s] copying /home/ashvin/vision_person_follower_ws/build/vision_person_detector/build/lib/vision_person_detector/follower_node.py -> /home/ashvin/vision_person_follower_ws/install/vision_person_detector/lib/python3.10/site-packages/vision_person_detector
[0.596s] copying /home/ashvin/vision_person_follower_ws/build/vision_person_detector/build/lib/vision_person_detector/person_detector.py -> /home/ashvin/vision_person_follower_ws/install/vision_person_detector/lib/python3.10/site-packages/vision_person_detector
[0.597s] byte-compiling /home/ashvin/vision_person_follower_ws/install/vision_person_detector/lib/python3.10/site-packages/vision_person_detector/simple_follower.py to simple_follower.cpython-310.pyc
[0.597s] byte-compiling /home/ashvin/vision_person_follower_ws/install/vision_person_detector/lib/python3.10/site-packages/vision_person_detector/__init__.py to __init__.cpython-310.pyc
[0.597s] byte-compiling /home/ashvin/vision_person_follower_ws/install/vision_person_detector/lib/python3.10/site-packages/vision_person_detector/follower_node.py to follower_node.cpython-310.pyc
[0.598s] byte-compiling /home/ashvin/vision_person_follower_ws/install/vision_person_detector/lib/python3.10/site-packages/vision_person_detector/person_detector.py to person_detector.cpython-310.pyc
[0.598s] running install_data
[0.598s] creating /home/ashvin/vision_person_follower_ws/install/vision_person_detector/share/ament_index
[0.598s] creating /home/ashvin/vision_person_follower_ws/install/vision_person_detector/share/ament_index/resource_index
[0.598s] creating /home/ashvin/vision_person_follower_ws/install/vision_person_detector/share/ament_index/resource_index/packages
[0.598s] copying resource/vision_person_detector -> /home/ashvin/vision_person_follower_ws/install/vision_person_detector/share/ament_index/resource_index/packages
[0.598s] copying package.xml -> /home/ashvin/vision_person_follower_ws/install/vision_person_detector/share/vision_person_detector
[0.598s] running install_egg_info
[0.599s] Copying ../../build/vision_person_detector/vision_person_detector.egg-info to /home/ashvin/vision_person_follower_ws/install/vision_person_detector/lib/python3.10/site-packages/vision_person_detector-0.0.0-py3.10.egg-info
[0.600s] running install_scripts
[0.614s] Installing person_detector script to /home/ashvin/vision_person_follower_ws/install/vision_person_detector/lib/vision_person_detector
[0.614s] Installing simple_follower script to /home/ashvin/vision_person_follower_ws/install/vision_person_detector/lib/vision_person_detector
[0.614s] writing list of installed files to '/home/ashvin/vision_person_follower_ws/build/vision_person_detector/install.log'
[0.629s] Invoked command in '/home/ashvin/vision_person_follower_ws/src/vision_person_detector' returned '0': PYTHONPATH=/home/ashvin/vision_person_follower_ws/build/vision_person_detector/prefix_override:/usr/lib/python3/dist-packages/colcon_core/task/python/colcon_distutils_commands:/home/ashvin/vision_person_follower_ws/install/vision_person_detector/lib/python3.10/site-packages:${PYTHONPATH} /usr/bin/python3 -W ignore:setup.py install is deprecated -W ignore:easy_install command is deprecated setup.py egg_info --egg-base ../../build/vision_person_detector build --build-base /home/ashvin/vision_person_follower_ws/build/vision_person_detector/build install --record /home/ashvin/vision_person_follower_ws/build/vision_person_detector/install.log --single-version-externally-managed install_data
