running egg_info
writing ../../build/vision_person_detector/vision_person_detector.egg-info/PKG-INFO
writing dependency_links to ../../build/vision_person_detector/vision_person_detector.egg-info/dependency_links.txt
writing entry points to ../../build/vision_person_detector/vision_person_detector.egg-info/entry_points.txt
writing requirements to ../../build/vision_person_detector/vision_person_detector.egg-info/requires.txt
writing top-level names to ../../build/vision_person_detector/vision_person_detector.egg-info/top_level.txt
reading manifest file '../../build/vision_person_detector/vision_person_detector.egg-info/SOURCES.txt'
writing manifest file '../../build/vision_person_detector/vision_person_detector.egg-info/SOURCES.txt'
running build
running build_py
running install
running install_lib
running install_data
running install_egg_info
removing '/home/ashvin/vision_person_follower_project/vision_person_follower_ws/install/vision_person_detector/lib/python3.10/site-packages/vision_person_detector-0.0.0-py3.10.egg-info' (and everything under it)
Copying ../../build/vision_person_detector/vision_person_detector.egg-info to /home/ashvin/vision_person_follower_project/vision_person_follower_ws/install/vision_person_detector/lib/python3.10/site-packages/vision_person_detector-0.0.0-py3.10.egg-info
running install_scripts
Installing person_detector script to /home/ashvin/vision_person_follower_project/vision_person_follower_ws/install/vision_person_detector/lib/vision_person_detector
Installing simple_follower script to /home/ashvin/vision_person_follower_project/vision_person_follower_ws/install/vision_person_detector/lib/vision_person_detector
writing list of installed files to '/home/ashvin/vision_person_follower_project/vision_person_follower_ws/build/vision_person_detector/install.log'
