[0.432s] Invoking command in '/home/ashvin/vision_person_follower_ws/src/vision_person_detector': PYTHONPATH=/home/ashvin/vision_person_follower_ws/build/vision_person_detector/prefix_override:/usr/lib/python3/dist-packages/colcon_core/task/python/colcon_distutils_commands:/home/ashvin/vision_person_follower_ws/install/vision_person_detector/lib/python3.10/site-packages:${PYTHONPATH} /usr/bin/python3 -W ignore:setup.py install is deprecated -W ignore:easy_install command is deprecated setup.py egg_info --egg-base ../../build/vision_person_detector build --build-base /home/ashvin/vision_person_follower_ws/build/vision_person_detector/build install --record /home/ashvin/vision_person_follower_ws/build/vision_person_detector/install.log --single-version-externally-managed install_data
[0.604s] running egg_info
[0.604s] writing ../../build/vision_person_detector/vision_person_detector.egg-info/PKG-INFO
[0.604s] writing dependency_links to ../../build/vision_person_detector/vision_person_detector.egg-info/dependency_links.txt
[0.604s] writing entry points to ../../build/vision_person_detector/vision_person_detector.egg-info/entry_points.txt
[0.604s] writing requirements to ../../build/vision_person_detector/vision_person_detector.egg-info/requires.txt
[0.604s] writing top-level names to ../../build/vision_person_detector/vision_person_detector.egg-info/top_level.txt
[0.605s] reading manifest file '../../build/vision_person_detector/vision_person_detector.egg-info/SOURCES.txt'
[0.606s] writing manifest file '../../build/vision_person_detector/vision_person_detector.egg-info/SOURCES.txt'
[0.606s] running build
[0.606s] running build_py
[0.606s] running install
[0.606s] running install_lib
[0.607s] running install_data
[0.607s] running install_egg_info
[0.609s] removing '/home/ashvin/vision_person_follower_ws/install/vision_person_detector/lib/python3.10/site-packages/vision_person_detector-0.0.0-py3.10.egg-info' (and everything under it)
[0.609s] Copying ../../build/vision_person_detector/vision_person_detector.egg-info to /home/ashvin/vision_person_follower_ws/install/vision_person_detector/lib/python3.10/site-packages/vision_person_detector-0.0.0-py3.10.egg-info
[0.609s] running install_scripts
[0.624s] Installing person_detector script to /home/ashvin/vision_person_follower_ws/install/vision_person_detector/lib/vision_person_detector
[0.624s] Installing simple_follower script to /home/ashvin/vision_person_follower_ws/install/vision_person_detector/lib/vision_person_detector
[0.624s] writing list of installed files to '/home/ashvin/vision_person_follower_ws/build/vision_person_detector/install.log'
[0.639s] Invoked command in '/home/ashvin/vision_person_follower_ws/src/vision_person_detector' returned '0': PYTHONPATH=/home/ashvin/vision_person_follower_ws/build/vision_person_detector/prefix_override:/usr/lib/python3/dist-packages/colcon_core/task/python/colcon_distutils_commands:/home/ashvin/vision_person_follower_ws/install/vision_person_detector/lib/python3.10/site-packages:${PYTHONPATH} /usr/bin/python3 -W ignore:setup.py install is deprecated -W ignore:easy_install command is deprecated setup.py egg_info --egg-base ../../build/vision_person_detector build --build-base /home/ashvin/vision_person_follower_ws/build/vision_person_detector/build install --record /home/ashvin/vision_person_follower_ws/build/vision_person_detector/install.log --single-version-externally-managed install_data
